(node:31936) [DEP0040] DeprecationWarning: The `punycode` module is deprecated. Please use a userland alternative instead.
(Use `node --trace-deprecation ...` to show where the warning was created)
[36m[1mi  emulators:[22m[39m Starting emulators: auth, firestore
[36m[1mi  firestore:[22m[39m Firestore Emulator logging to [1mfirestore-debug.log[22m
[32m[1m+  firestore:[22m[39m Firestore Emulator UI websocket is running on 9150.
(node:31936) [DEP0169] DeprecationWarning: `url.parse()` behavior is not standardized and prone to errors that have security implications. Use the WHATWG URL API instead. CVEs are not issued for `url.parse()` vulnerabilities.
[33m[1m!  emulators:[22m[39m The Emulator UI is not starting because none of the running emulators have a UI component.

[90m┌─────────────────────────────────────────────────────────────┐[39m
[90m│[39m [32m✔[39m  [1mAll emulators ready! It is now safe to connect your app.[22m [90m│[39m
[90m└─────────────────────────────────────────────────────────────┘[39m

[90m┌────────────────[39m[90m┬────────────────┐[39m
[90m│[39m[33m Emulator       [39m[90m│[39m[33m Host:Port      [39m[90m│[39m
[90m├────────────────[39m[90m┼────────────────┤[39m
[90m│[39m Authentication [90m│[39m 127.0.0.1:9099 [90m│[39m
[90m├────────────────[39m[90m┼────────────────┤[39m
[90m│[39m Firestore      [90m│[39m 127.0.0.1:8080 [90m│[39m
[90m└────────────────[39m[90m┴────────────────┘[39m
[90m  Emulator Hub host: 127.0.0.1 port: 4400[39m
[90m  Other reserved ports:[39m 4500, 9150

Issues? Report them at [4m[1mhttps://github.com/firebase/firebase-tools/issues[22m[24m and attach the *-debug.log files.
 
[36m[1mi [22m[39m To verify the email address auth001-df2850d3-7bc9-4d67-8ba4-8937a5a88fbe@example.com, follow this link: http://127.0.0.1:9099/emulator/action?mode=verifyEmail&lang=en&oobCode=c7Em7SeB5mnN4bcqwlINyxYjgndWIy9Wm5_fripKLHT-iR777ITNWH&apiKey=fake-api-key
